<?xml version="1.0" encoding="UTF-8"?>
<testng-results skipped="0" failed="0" ignored="10" total="16" passed="6">
  <reporter-output>
  </reporter-output>
  <suite name="TestPractice" duration-ms="25903" started-at="2017-08-02T13:36:38Z" finished-at="2017-08-02T13:37:03Z">
    <groups>
    </groups>
    <test name="LoginTest" duration-ms="25707" started-at="2017-08-02T13:36:38Z" finished-at="2017-08-02T13:37:03Z">
      <class name="LoginTest">
        <test-method status="PASS" signature="setUp()[pri:0, instance:LoginTest@2133c8f8]" name="setUp" is-config="true" duration-ms="5183" started-at="2017-08-02T16:36:38Z" finished-at="2017-08-02T16:36:43Z">
          <reporter-output>
          </reporter-output>
        </test-method> <!-- setUp -->
        <test-method status="PASS" signature="invalidLoginTest(java.lang.String, java.lang.String, java.lang.String)[pri:0, instance:LoginTest@2133c8f8]" name="invalidLoginTest" duration-ms="8278" started-at="2017-08-02T16:36:43Z" data-provider="login" finished-at="2017-08-02T16:36:51Z">
          <params>
            <param index="0">
              <value>
                <![CDATA[test@gmail.com]]>
              </value>
            </param>
            <param index="1">
              <value>
                <![CDATA[password1]]>
              </value>
            </param>
            <param index="2">
              <value>
                <![CDATA[Authentication failed.]]>
              </value>
            </param>
          </params>
          <reporter-output>
          </reporter-output>
        </test-method> <!-- invalidLoginTest -->
        <test-method status="PASS" signature="invalidLoginTest(java.lang.String, java.lang.String, java.lang.String)[pri:0, instance:LoginTest@2133c8f8]" name="invalidLoginTest" duration-ms="5690" started-at="2017-08-02T16:36:51Z" data-provider="login" finished-at="2017-08-02T16:36:57Z">
          <params>
            <param index="0">
              <value>
                <![CDATA[]]>
              </value>
            </param>
            <param index="1">
              <value>
                <![CDATA[password1]]>
              </value>
            </param>
            <param index="2">
              <value>
                <![CDATA[An email address required.]]>
              </value>
            </param>
          </params>
          <reporter-output>
          </reporter-output>
        </test-method> <!-- invalidLoginTest -->
        <test-method status="PASS" signature="invalidLoginTest(java.lang.String, java.lang.String, java.lang.String)[pri:0, instance:LoginTest@2133c8f8]" name="invalidLoginTest" duration-ms="5948" started-at="2017-08-02T16:36:57Z" data-provider="login" finished-at="2017-08-02T16:37:03Z">
          <params>
            <param index="0">
              <value>
                <![CDATA[test@gmail.com]]>
              </value>
            </param>
            <param index="1">
              <value>
                <![CDATA[]]>
              </value>
            </param>
            <param index="2">
              <value>
                <![CDATA[Password is required.]]>
              </value>
            </param>
          </params>
          <reporter-output>
          </reporter-output>
        </test-method> <!-- invalidLoginTest -->
        <test-method status="PASS" signature="tearDown()[pri:0, instance:LoginTest@2133c8f8]" name="tearDown" is-config="true" duration-ms="554" started-at="2017-08-02T16:37:03Z" finished-at="2017-08-02T16:37:03Z">
          <reporter-output>
          </reporter-output>
        </test-method> <!-- tearDown -->
      </class> <!-- LoginTest -->
    </test> <!-- LoginTest -->
    <test name="LoginTest2" duration-ms="25903" started-at="2017-08-02T13:36:38Z" finished-at="2017-08-02T13:37:03Z">
      <class name="LoginTest">
        <test-method status="PASS" signature="setUp()[pri:0, instance:LoginTest@6fadae5d]" name="setUp" is-config="true" duration-ms="5260" started-at="2017-08-02T16:36:38Z" finished-at="2017-08-02T16:36:43Z">
          <reporter-output>
          </reporter-output>
        </test-method> <!-- setUp -->
        <test-method status="PASS" signature="invalidLoginTest(java.lang.String, java.lang.String, java.lang.String)[pri:0, instance:LoginTest@6fadae5d]" name="invalidLoginTest" duration-ms="8114" started-at="2017-08-02T16:36:43Z" data-provider="login" finished-at="2017-08-02T16:36:51Z">
          <params>
            <param index="0">
              <value>
                <![CDATA[test@gmail.com]]>
              </value>
            </param>
            <param index="1">
              <value>
                <![CDATA[password1]]>
              </value>
            </param>
            <param index="2">
              <value>
                <![CDATA[Authentication failed.]]>
              </value>
            </param>
          </params>
          <reporter-output>
          </reporter-output>
        </test-method> <!-- invalidLoginTest -->
        <test-method status="PASS" signature="invalidLoginTest(java.lang.String, java.lang.String, java.lang.String)[pri:0, instance:LoginTest@6fadae5d]" name="invalidLoginTest" duration-ms="6344" started-at="2017-08-02T16:36:51Z" data-provider="login" finished-at="2017-08-02T16:36:57Z">
          <params>
            <param index="0">
              <value>
                <![CDATA[]]>
              </value>
            </param>
            <param index="1">
              <value>
                <![CDATA[password1]]>
              </value>
            </param>
            <param index="2">
              <value>
                <![CDATA[An email address required.]]>
              </value>
            </param>
          </params>
          <reporter-output>
          </reporter-output>
        </test-method> <!-- invalidLoginTest -->
        <test-method status="PASS" signature="invalidLoginTest(java.lang.String, java.lang.String, java.lang.String)[pri:0, instance:LoginTest@6fadae5d]" name="invalidLoginTest" duration-ms="5697" started-at="2017-08-02T16:36:57Z" data-provider="login" finished-at="2017-08-02T16:37:03Z">
          <params>
            <param index="0">
              <value>
                <![CDATA[test@gmail.com]]>
              </value>
            </param>
            <param index="1">
              <value>
                <![CDATA[]]>
              </value>
            </param>
            <param index="2">
              <value>
                <![CDATA[Password is required.]]>
              </value>
            </param>
          </params>
          <reporter-output>
          </reporter-output>
        </test-method> <!-- invalidLoginTest -->
        <test-method status="PASS" signature="tearDown()[pri:0, instance:LoginTest@6fadae5d]" name="tearDown" is-config="true" duration-ms="479" started-at="2017-08-02T16:37:03Z" finished-at="2017-08-02T16:37:03Z">
          <reporter-output>
          </reporter-output>
        </test-method> <!-- tearDown -->
      </class> <!-- LoginTest -->
    </test> <!-- LoginTest2 -->
  </suite> <!-- TestPractice -->
</testng-results>
