<?xml version="1.0" encoding="UTF-8"?>
<!-- Generated by org.testng.reporters.JUnitXMLReporter -->
<testsuite hostname="BarsTMB-001" ignored="5" tests="3" failures="0" timestamp="02 авг 2017 13:37:03 GMT" time="25.707" errors="0">
  <testcase name="invalidLoginTest" time="8.278" classname="LoginTest"/>
  <testcase name="invalidLoginTest" time="5.69" classname="LoginTest"/>
  <testcase name="invalidLoginTest" time="5.948" classname="LoginTest"/>
  <testcase name="fillPassword" time="0.0" classname="LoginTest">
    <ignored/>
  </testcase> <!-- fillPassword -->
  <testcase name="clickSigninButton" time="0.0" classname="LoginTest">
    <ignored/>
  </testcase> <!-- clickSigninButton -->
  <testcase name="loadPage" time="0.0" classname="LoginTest">
    <ignored/>
  </testcase> <!-- loadPage -->
  <testcase name="clickSubmitButton" time="0.0" classname="LoginTest">
    <ignored/>
  </testcase> <!-- clickSubmitButton -->
  <testcase name="fillEmail" time="0.0" classname="LoginTest">
    <ignored/>
  </testcase> <!-- fillEmail -->
</testsuite>
